(Agent) Mise à jour des fichiers modèle
	Épisode 125
(Agent) Mise à jour des fichiers modèle
	Épisode 150
	Nouveau meilleur score à: 6.0, épisode #155
(Agent) Mise à jour des fichiers modèle
	Épisode 175
(Agent) Mise à jour des fichiers modèle
	Épisode 200
(Agent) Mise à jour des fichiers modèle
	Épisode 225
(Agent) Mise à jour des fichiers modèle
	Épisode 250
(Agent) Mise à jour des fichiers modèle
	Épisode 275
(Agent) Mise à jour des fichiers modèle
	Épisode 300
(Agent) Mise à jour des fichiers modèle
	Épisode 325
(Agent) Mise à jour des fichiers modèle
	Épisode 350
(Agent) Mise à jour des fichiers modèle
	Épisode 375
(Agent) Mise à jour des fichiers modèle
	Épisode 400
(Agent) Mise à jour des fichiers modèle
	Épisode 425
(Agent) Mise à jour des fichiers modèle
	Épisode 450
(Agent) Mise à jour des fichiers modèle
	Épisode 475
(Agent) Mise à jour des fichiers modèle
	Épisode 500
(Agent) Mise à jour des fichiers modèle
	Épisode 525
(Agent) Mise à jour des fichiers modèle
	Épisode 550
(Agent) Mise à jour des fichiers modèle
	Épisode 575
(Agent) Mise à jour des fichiers modèle
	Épisode 600
(Agent) Mise à jour des fichiers modèle
	Épisode 625
	Nouveau meilleur score à: 7.0, épisode #630
(Agent) Mise à jour des fichiers modèle
	Épisode 650
(Agent) Mise à jour des fichiers modèle
	Épisode 675
(Agent) Mise à jour des fichiers modèle
	Épisode 700
(Agent) Mise à jour des fichiers modèle
	Épisode 725
(Agent) Mise à jour des fichiers modèle
	Épisode 750
(Agent) Mise à jour des fichiers modèle
	Épisode 775
(Agent) Mise à jour des fichiers modèle
	Épisode 800
(Agent) Mise à jour des fichiers modèle
	Épisode 825
(Agent) Mise à jour des fichiers modèle
	Épisode 850
(Agent) Mise à jour des fichiers modèle
	Épisode 875
(Agent) Mise à jour des fichiers modèle
	Épisode 900
(Agent) Mise à jour des fichiers modèle
	Épisode 925
(Agent) Mise à jour des fichiers modèle
	Épisode 950
(Agent) Mise à jour des fichiers modèle
	Épisode 975
(Agent) Mise à jour des fichiers modèle
	Épisode 1000

Fin des épisodes
- Meilleur score obtenu: 7.0
- Durée moyenne: 302.3 actions
- Score moyen: 1.27 points

(Agent) Mise à jour des fichiers modèle
- Temps de traitement: 113.8 minutes
--------------------------------------------------------

