
--------------------------------------------------------
	*** SavedModel file does not exist at: ./runs/Breakout-jsparent.ac.model_alpha0.001_beta0.0001_gamma0.99_32-32_actor.h5/{saved_model.pbtxt|saved_model.pb}
(Agent) Modèle './runs/Breakout-jsparent.ac.model_alpha0.001_beta0.0001_gamma0.99_32-32_actor.h5' n'existe pas, création d'un nouveau modèle
	*** SavedModel file does not exist at: ./runs/Breakout-jsparent.ac.model_alpha0.001_beta0.0001_gamma0.99_32-32_critic.h5/{saved_model.pbtxt|saved_model.pb}
(Agent) Modèle './runs/Breakout-jsparent.ac.model_alpha0.001_beta0.0001_gamma0.99_32-32_critic.h5' n'existe pas, création d'un nouveau modèle
Pour arrêter l'agent, créez un fichier 'stop.txt' dans le dossier
--------------------------------------------------------
--------------------------------------------------------
Nouvelle séquence de 1000 épisodes, débutée le 2020-11-22 21:04:59...
--------------------------------------------------------
(Agent) Mise à jour des fichiers modèle
	Épisode 25
(Agent) Mise à jour des fichiers modèle
	Épisode 50
(Agent) Mise à jour des fichiers modèle
	Épisode 75
(Agent) Mise à jour des fichiers modèle
	Épisode 100
(Agent) Mise à jour des fichiers modèle
	Épisode 125
(Agent) Mise à jour des fichiers modèle
	Épisode 150
(Agent) Mise à jour des fichiers modèle
	Épisode 175
(Agent) Mise à jour des fichiers modèle
	Épisode 200
	Nouveau meilleur score à: 1.0, épisode #218
(Agent) Mise à jour des fichiers modèle
	Épisode 225
	Nouveau meilleur score à: 3.0, épisode #237
(Agent) Mise à jour des fichiers modèle
	Épisode 250
(Agent) Mise à jour des fichiers modèle
	Épisode 275
	Nouveau meilleur score à: 4.0, épisode #295
(Agent) Mise à jour des fichiers modèle
	Épisode 300
	Nouveau meilleur score à: 8.0, épisode #315
(Agent) Mise à jour des fichiers modèle
	Épisode 325
(Agent) Mise à jour des fichiers modèle
	Épisode 350
(Agent) Mise à jour des fichiers modèle
	Épisode 375
(Agent) Mise à jour des fichiers modèle
	Épisode 400
(Agent) Mise à jour des fichiers modèle
	Épisode 425
(Agent) Mise à jour des fichiers modèle
	Épisode 450
(Agent) Mise à jour des fichiers modèle
	Épisode 475
(Agent) Mise à jour des fichiers modèle
	Épisode 500
(Agent) Mise à jour des fichiers modèle
	Épisode 525
(Agent) Mise à jour des fichiers modèle
	Épisode 550
(Agent) Mise à jour des fichiers modèle
	Épisode 575
(Agent) Mise à jour des fichiers modèle
	Épisode 600
(Agent) Mise à jour des fichiers modèle
	Épisode 625
(Agent) Mise à jour des fichiers modèle
	Épisode 650
(Agent) Mise à jour des fichiers modèle
	Épisode 675
(Agent) Mise à jour des fichiers modèle
	Épisode 700
(Agent) Mise à jour des fichiers modèle
	Épisode 725
(Agent) Mise à jour des fichiers modèle
	Épisode 750
(Agent) Mise à jour des fichiers modèle
	Épisode 775
(Agent) Mise à jour des fichiers modèle
	Épisode 800
(Agent) Mise à jour des fichiers modèle
	Épisode 825
(Agent) Mise à jour des fichiers modèle
	Épisode 850
(Agent) Mise à jour des fichiers modèle
	Épisode 875
(Agent) Mise à jour des fichiers modèle
	Épisode 900
(Agent) Mise à jour des fichiers modèle
	Épisode 925
(Agent) Mise à jour des fichiers modèle
	Épisode 950
(Agent) Mise à jour des fichiers modèle
	Épisode 975
(Agent) Mise à jour des fichiers modèle
	Épisode 1000

Fin des épisodes
- Meilleur score obtenu: 8.0
- Durée moyenne: 806.0 actions
- Score moyen: 0.35 points

(Agent) Mise à jour des fichiers modèle
- Temps de traitement: 286.8 minutes
--------------------------------------------------------

