
--------------------------------------------------------
SavedModel file does not exist at: Breakout-jsparent.a3c.model_alpha0.01_beta0.05_gamma0.99_32-32_actor.h5/{saved_model.pbtxt|saved_model.pb}
(Agent) Modèle 'Breakout-jsparent.a3c.model_alpha0.01_beta0.05_gamma0.99_32-32_actor.h5' n'existe pas, création d'un nouveau modèle
SavedModel file does not exist at: Breakout-jsparent.a3c.model_alpha0.01_beta0.05_gamma0.99_32-32_critic.h5/{saved_model.pbtxt|saved_model.pb}
(Agent) Modèle 'Breakout-jsparent.a3c.model_alpha0.01_beta0.05_gamma0.99_32-32_critic.h5' n'existe pas, création d'un nouveau modèle
Pour arrêter l'agent, créez un fichier 'stop.txt' dans le dossier
--------------------------------------------------------
--------------------------------------------------------
Nouvelle séquence de 1000 épisodes, débutée le 2020-11-22 15:56:40...
--------------------------------------------------------
	Nouveau meilleur score à: 2.0, épisode #4
	Nouveau meilleur score à: 3.0, épisode #16
(Agent) Mise à jour des fichiers modèle
	Épisode 25
(Agent) Mise à jour des fichiers modèle
	Épisode 50
(Agent) Mise à jour des fichiers modèle
	Épisode 75
(Agent) Mise à jour des fichiers modèle
	Épisode 100
(Agent) Mise à jour des fichiers modèle
	Épisode 125
(Agent) Mise à jour des fichiers modèle
	Épisode 150
(Agent) Mise à jour des fichiers modèle
	Épisode 175
(Agent) Mise à jour des fichiers modèle
	Épisode 200
(Agent) Mise à jour des fichiers modèle
	Épisode 225
(Agent) Mise à jour des fichiers modèle
	Épisode 250
(Agent) Mise à jour des fichiers modèle
	Épisode 275
(Agent) Mise à jour des fichiers modèle
	Épisode 300
(Agent) Mise à jour des fichiers modèle
	Épisode 325
(Agent) Mise à jour des fichiers modèle
	Épisode 350
(Agent) Mise à jour des fichiers modèle
	Épisode 375
(Agent) Mise à jour des fichiers modèle
	Épisode 400
(Agent) Mise à jour des fichiers modèle
	Épisode 425
(Agent) Mise à jour des fichiers modèle
	Épisode 450
(Agent) Mise à jour des fichiers modèle
	Épisode 475
(Agent) Mise à jour des fichiers modèle
	Épisode 500
(Agent) Mise à jour des fichiers modèle
	Épisode 525
*** Arrêt demandé par l'usager ***

Fin des épisodes
- Meilleur score obtenu: 3.0
- Durée moyenne: 974.0 actions
- Score moyen: 0.11 points

(Agent) Mise à jour des fichiers modèle
- Temps de traitement: 193.2 minutes
--------------------------------------------------------

